<?xml version="1.0" encoding="UTF-8"?>
<!-- Generated by org.testng.reporters.JUnitXMLReporter -->
<testsuite hostname="DESKTOP-IEOF3HT" ignored="7" name="Test" tests="2" failures="0" timestamp="14 Oct 2017 07:16:06 GMT" time="0.249" errors="0">
  <testcase name="@BeforeClass driverSetup" time="0.0" classname="com.infrrd.roostify.testcase.HomePageTestCase">
    <failure type="java.lang.NullPointerException">
      <![CDATA[java.lang.NullPointerException
	at com.kroakyhub.testfrog.base.BaseTest.initializeDriver(BaseTest.java:54)
	at com.infrrd.roostify.testcase.HomePageTestCase.driverSetup(HomePageTestCase.java:21)
... Removed 25 stack frames]]>
    </failure>
  </testcase> <!-- @BeforeClass driverSetup -->
  <testcase name="@BeforeMethod testSetup" time="0.0" classname="com.infrrd.roostify.testcase.HomePageTestCase">
    <skipped/>
  </testcase> <!-- @BeforeMethod testSetup -->
  <testcase name="@AfterMethod clearResponse" time="0.0" classname="com.infrrd.roostify.testcase.HomePageTestCase">
    <skipped/>
  </testcase> <!-- @AfterMethod clearResponse -->
  <testcase name="@BeforeMethod testSetup" time="0.0" classname="com.infrrd.roostify.testcase.HomePageTestCase">
    <skipped/>
  </testcase> <!-- @BeforeMethod testSetup -->
  <testcase name="@AfterMethod clearResponse" time="0.0" classname="com.infrrd.roostify.testcase.HomePageTestCase">
    <skipped/>
  </testcase> <!-- @AfterMethod clearResponse -->
  <testcase name="@AfterTest tearDown" time="0.0" classname="com.infrrd.roostify.testcase.HomePageTestCase">
    <skipped/>
  </testcase> <!-- @AfterTest tearDown -->
  <testcase name="validateGraphLegends" time="0.008" classname="com.infrrd.roostify.testcase.HomePageTestCase">
    <skipped/>
  </testcase> <!-- validateGraphLegends -->
  <testcase name="validateOptionsForRefinanceCashout" time="0.001" classname="com.infrrd.roostify.testcase.HomePageTestCase">
    <skipped/>
  </testcase> <!-- validateOptionsForRefinanceCashout -->
  <testcase name="validateOtherOptimizations" time="0.0" classname="com.infrrd.roostify.testcase.HomePageTestCase">
    <ignored/>
  </testcase> <!-- validateOtherOptimizations -->
  <testcase name="validateZipCodeLookUp" time="0.0" classname="com.infrrd.roostify.testcase.HomePageTestCase">
    <ignored/>
  </testcase> <!-- validateZipCodeLookUp -->
  <testcase name="checkEnablingOfGetMyOptionsButton" time="0.0" classname="com.infrrd.roostify.testcase.HomePageTestCase">
    <ignored/>
  </testcase> <!-- checkEnablingOfGetMyOptionsButton -->
  <testcase name="validateZipCodeError" time="0.0" classname="com.infrrd.roostify.testcase.HomePageTestCase">
    <ignored/>
  </testcase> <!-- validateZipCodeError -->
  <testcase name="validateOptionsForPurchase" time="0.0" classname="com.infrrd.roostify.testcase.HomePageTestCase">
    <ignored/>
  </testcase> <!-- validateOptionsForPurchase -->
  <testcase name="validateOptionsForRefinance" time="0.0" classname="com.infrrd.roostify.testcase.HomePageTestCase">
    <ignored/>
  </testcase> <!-- validateOptionsForRefinance -->
  <testcase name="validatingLeadForm" time="0.0" classname="com.infrrd.roostify.testcase.HomePageTestCase">
    <ignored/>
  </testcase> <!-- validatingLeadForm -->
</testsuite> <!-- Test -->
