<?xml version="1.0" encoding="UTF-8"?>
<testng-results skipped="2" failed="0" ignored="7" total="9" passed="0">
  <reporter-output>
    <line>
      <![CDATA[Test suite has started]]>
    </line>
    <line>
      <![CDATA[Starting test: Validating graph legends]]>
    </line>
    <line>
      <![CDATA[Validating graph legends-- Test skipped
]]>
    </line>
    <line>
      <![CDATA[Starting test: Validating presence of relevant fields for refinance cashout]]>
    </line>
    <line>
      <![CDATA[Validating presence of relevant fields for refinance cashout-- Test skipped
]]>
    </line>
  </reporter-output>
  <suite name="Suite" duration-ms="249" started-at="2017-10-14T07:16:05Z" finished-at="2017-10-14T07:16:06Z">
    <groups>
    </groups>
    <test name="Test" duration-ms="249" started-at="2017-10-14T07:16:05Z" finished-at="2017-10-14T07:16:06Z">
      <class name="com.infrrd.roostify.testcase.HomePageTestCase">
        <test-method status="FAIL" signature="driverSetup()[pri:0, instance:com.infrrd.roostify.testcase.HomePageTestCase@5a8806ef]" name="driverSetup" is-config="true" duration-ms="0" started-at="2017-10-14T12:46:05Z" finished-at="2017-10-14T12:46:05Z">
          <exception class="java.lang.NullPointerException">
            <full-stacktrace>
              <![CDATA[java.lang.NullPointerException
	at com.kroakyhub.testfrog.base.BaseTest.initializeDriver(BaseTest.java:54)
	at com.infrrd.roostify.testcase.HomePageTestCase.driverSetup(HomePageTestCase.java:21)
	at sun.reflect.NativeMethodAccessorImpl.invoke0(Native Method)
	at sun.reflect.NativeMethodAccessorImpl.invoke(Unknown Source)
	at sun.reflect.DelegatingMethodAccessorImpl.invoke(Unknown Source)
	at java.lang.reflect.Method.invoke(Unknown Source)
	at org.testng.internal.MethodInvocationHelper.invokeMethod(MethodInvocationHelper.java:104)
	at org.testng.internal.Invoker.invokeConfigurationMethod(Invoker.java:515)
	at org.testng.internal.Invoker.invokeConfigurations(Invoker.java:217)
	at org.testng.internal.Invoker.invokeConfigurations(Invoker.java:144)
	at org.testng.internal.TestMethodWorker.invokeBeforeClassMethods(TestMethodWorker.java:169)
	at org.testng.internal.TestMethodWorker.run(TestMethodWorker.java:108)
	at org.testng.TestRunner.privateRun(TestRunner.java:756)
	at org.testng.TestRunner.run(TestRunner.java:610)
	at org.testng.SuiteRunner.runTest(SuiteRunner.java:387)
	at org.testng.SuiteRunner.runSequentially(SuiteRunner.java:382)
	at org.testng.SuiteRunner.privateRun(SuiteRunner.java:340)
	at org.testng.SuiteRunner.run(SuiteRunner.java:289)
	at org.testng.SuiteRunnerWorker.runSuite(SuiteRunnerWorker.java:52)
	at org.testng.SuiteRunnerWorker.run(SuiteRunnerWorker.java:86)
	at org.testng.TestNG.runSuitesSequentially(TestNG.java:1293)
	at org.testng.TestNG.runSuitesLocally(TestNG.java:1218)
	at org.testng.TestNG.runSuites(TestNG.java:1133)
	at org.testng.TestNG.run(TestNG.java:1104)
	at org.testng.remote.AbstractRemoteTestNG.run(AbstractRemoteTestNG.java:132)
	at org.testng.remote.RemoteTestNG.initAndRun(RemoteTestNG.java:236)
	at org.testng.remote.RemoteTestNG.main(RemoteTestNG.java:81)
]]>
            </full-stacktrace>
          </exception> <!-- java.lang.NullPointerException -->
          <reporter-output>
          </reporter-output>
        </test-method> <!-- driverSetup -->
        <test-method status="SKIP" signature="testSetup()[pri:0, instance:com.infrrd.roostify.testcase.HomePageTestCase@5a8806ef]" name="testSetup" is-config="true" duration-ms="0" started-at="2017-10-14T12:46:06Z" finished-at="2017-10-14T12:46:06Z">
          <reporter-output>
          </reporter-output>
        </test-method> <!-- testSetup -->
        <test-method status="SKIP" signature="validateGraphLegends()[pri:0, instance:com.infrrd.roostify.testcase.HomePageTestCase@5a8806ef]" name="validateGraphLegends" duration-ms="8" started-at="2017-10-14T12:46:06Z" description="Validating graph legends" finished-at="2017-10-14T12:46:06Z">
          <exception class="java.lang.NullPointerException">
            <full-stacktrace>
              <![CDATA[java.lang.NullPointerException
	at com.kroakyhub.testfrog.base.BaseTest.initializeDriver(BaseTest.java:54)
	at com.infrrd.roostify.testcase.HomePageTestCase.driverSetup(HomePageTestCase.java:21)
	at sun.reflect.NativeMethodAccessorImpl.invoke0(Native Method)
	at sun.reflect.NativeMethodAccessorImpl.invoke(Unknown Source)
	at sun.reflect.DelegatingMethodAccessorImpl.invoke(Unknown Source)
	at java.lang.reflect.Method.invoke(Unknown Source)
	at org.testng.internal.MethodInvocationHelper.invokeMethod(MethodInvocationHelper.java:104)
	at org.testng.internal.Invoker.invokeConfigurationMethod(Invoker.java:515)
	at org.testng.internal.Invoker.invokeConfigurations(Invoker.java:217)
	at org.testng.internal.Invoker.invokeConfigurations(Invoker.java:144)
	at org.testng.internal.TestMethodWorker.invokeBeforeClassMethods(TestMethodWorker.java:169)
	at org.testng.internal.TestMethodWorker.run(TestMethodWorker.java:108)
	at org.testng.TestRunner.privateRun(TestRunner.java:756)
	at org.testng.TestRunner.run(TestRunner.java:610)
	at org.testng.SuiteRunner.runTest(SuiteRunner.java:387)
	at org.testng.SuiteRunner.runSequentially(SuiteRunner.java:382)
	at org.testng.SuiteRunner.privateRun(SuiteRunner.java:340)
	at org.testng.SuiteRunner.run(SuiteRunner.java:289)
	at org.testng.SuiteRunnerWorker.runSuite(SuiteRunnerWorker.java:52)
	at org.testng.SuiteRunnerWorker.run(SuiteRunnerWorker.java:86)
	at org.testng.TestNG.runSuitesSequentially(TestNG.java:1293)
	at org.testng.TestNG.runSuitesLocally(TestNG.java:1218)
	at org.testng.TestNG.runSuites(TestNG.java:1133)
	at org.testng.TestNG.run(TestNG.java:1104)
	at org.testng.remote.AbstractRemoteTestNG.run(AbstractRemoteTestNG.java:132)
	at org.testng.remote.RemoteTestNG.initAndRun(RemoteTestNG.java:236)
	at org.testng.remote.RemoteTestNG.main(RemoteTestNG.java:81)
]]>
            </full-stacktrace>
          </exception> <!-- java.lang.NullPointerException -->
          <reporter-output>
            <line>
              <![CDATA[Starting test: Validating graph legends]]>
            </line>
            <line>
              <![CDATA[Validating graph legends-- Test skipped
]]>
            </line>
          </reporter-output>
        </test-method> <!-- validateGraphLegends -->
        <test-method status="SKIP" signature="clearResponse()[pri:0, instance:com.infrrd.roostify.testcase.HomePageTestCase@5a8806ef]" name="clearResponse" is-config="true" duration-ms="0" started-at="2017-10-14T12:46:06Z" finished-at="2017-10-14T12:46:06Z">
          <reporter-output>
          </reporter-output>
        </test-method> <!-- clearResponse -->
        <test-method status="SKIP" signature="testSetup()[pri:0, instance:com.infrrd.roostify.testcase.HomePageTestCase@5a8806ef]" name="testSetup" is-config="true" duration-ms="0" started-at="2017-10-14T12:46:06Z" finished-at="2017-10-14T12:46:06Z">
          <reporter-output>
          </reporter-output>
        </test-method> <!-- testSetup -->
        <test-method status="SKIP" signature="validateOptionsForRefinanceCashout()[pri:0, instance:com.infrrd.roostify.testcase.HomePageTestCase@5a8806ef]" name="validateOptionsForRefinanceCashout" duration-ms="1" started-at="2017-10-14T12:46:06Z" description="Validating presence of relevant fields for refinance cashout" finished-at="2017-10-14T12:46:06Z">
          <exception class="java.lang.NullPointerException">
            <full-stacktrace>
              <![CDATA[java.lang.NullPointerException
	at com.kroakyhub.testfrog.base.BaseTest.initializeDriver(BaseTest.java:54)
	at com.infrrd.roostify.testcase.HomePageTestCase.driverSetup(HomePageTestCase.java:21)
	at sun.reflect.NativeMethodAccessorImpl.invoke0(Native Method)
	at sun.reflect.NativeMethodAccessorImpl.invoke(Unknown Source)
	at sun.reflect.DelegatingMethodAccessorImpl.invoke(Unknown Source)
	at java.lang.reflect.Method.invoke(Unknown Source)
	at org.testng.internal.MethodInvocationHelper.invokeMethod(MethodInvocationHelper.java:104)
	at org.testng.internal.Invoker.invokeConfigurationMethod(Invoker.java:515)
	at org.testng.internal.Invoker.invokeConfigurations(Invoker.java:217)
	at org.testng.internal.Invoker.invokeConfigurations(Invoker.java:144)
	at org.testng.internal.TestMethodWorker.invokeBeforeClassMethods(TestMethodWorker.java:169)
	at org.testng.internal.TestMethodWorker.run(TestMethodWorker.java:108)
	at org.testng.TestRunner.privateRun(TestRunner.java:756)
	at org.testng.TestRunner.run(TestRunner.java:610)
	at org.testng.SuiteRunner.runTest(SuiteRunner.java:387)
	at org.testng.SuiteRunner.runSequentially(SuiteRunner.java:382)
	at org.testng.SuiteRunner.privateRun(SuiteRunner.java:340)
	at org.testng.SuiteRunner.run(SuiteRunner.java:289)
	at org.testng.SuiteRunnerWorker.runSuite(SuiteRunnerWorker.java:52)
	at org.testng.SuiteRunnerWorker.run(SuiteRunnerWorker.java:86)
	at org.testng.TestNG.runSuitesSequentially(TestNG.java:1293)
	at org.testng.TestNG.runSuitesLocally(TestNG.java:1218)
	at org.testng.TestNG.runSuites(TestNG.java:1133)
	at org.testng.TestNG.run(TestNG.java:1104)
	at org.testng.remote.AbstractRemoteTestNG.run(AbstractRemoteTestNG.java:132)
	at org.testng.remote.RemoteTestNG.initAndRun(RemoteTestNG.java:236)
	at org.testng.remote.RemoteTestNG.main(RemoteTestNG.java:81)
]]>
            </full-stacktrace>
          </exception> <!-- java.lang.NullPointerException -->
          <reporter-output>
            <line>
              <![CDATA[Starting test: Validating presence of relevant fields for refinance cashout]]>
            </line>
            <line>
              <![CDATA[Validating presence of relevant fields for refinance cashout-- Test skipped
]]>
            </line>
          </reporter-output>
        </test-method> <!-- validateOptionsForRefinanceCashout -->
        <test-method status="SKIP" signature="clearResponse()[pri:0, instance:com.infrrd.roostify.testcase.HomePageTestCase@5a8806ef]" name="clearResponse" is-config="true" duration-ms="0" started-at="2017-10-14T12:46:06Z" finished-at="2017-10-14T12:46:06Z">
          <reporter-output>
          </reporter-output>
        </test-method> <!-- clearResponse -->
        <test-method status="SKIP" signature="tearDown()[pri:0, instance:com.infrrd.roostify.testcase.HomePageTestCase@5a8806ef]" name="tearDown" is-config="true" duration-ms="0" started-at="2017-10-14T12:46:06Z" finished-at="2017-10-14T12:46:06Z">
          <reporter-output>
          </reporter-output>
        </test-method> <!-- tearDown -->
      </class> <!-- com.infrrd.roostify.testcase.HomePageTestCase -->
    </test> <!-- Test -->
  </suite> <!-- Suite -->
</testng-results>
