<?xml version="1.0" encoding="UTF-8"?>
<!-- Generated by org.testng.reporters.JUnitXMLReporter -->
<testsuite hostname="DESKTOP-IEOF3HT" ignored="7" name="Sanity Tests" tests="2" failures="0" timestamp="12 Oct 2017 13:48:38 GMT" time="14.884" errors="0">
  <testcase name="validateOptionsForPurchase" time="2.854" classname="com.infrrd.roostify.testcase.HomePageTestCase"/>
  <testcase name="validateOptionsForRefinance" time="2.746" classname="com.infrrd.roostify.testcase.HomePageTestCase"/>
  <testcase name="validateOtherOptimizations" time="0.0" classname="com.infrrd.roostify.testcase.HomePageTestCase">
    <ignored/>
  </testcase> <!-- validateOtherOptimizations -->
  <testcase name="validateZipCodeLookUp" time="0.0" classname="com.infrrd.roostify.testcase.HomePageTestCase">
    <ignored/>
  </testcase> <!-- validateZipCodeLookUp -->
  <testcase name="validateGraphLegends" time="0.0" classname="com.infrrd.roostify.testcase.HomePageTestCase">
    <ignored/>
  </testcase> <!-- validateGraphLegends -->
  <testcase name="checkEnablingOfGetMyOptionsButton" time="0.0" classname="com.infrrd.roostify.testcase.HomePageTestCase">
    <ignored/>
  </testcase> <!-- checkEnablingOfGetMyOptionsButton -->
  <testcase name="validateZipCodeError" time="0.0" classname="com.infrrd.roostify.testcase.HomePageTestCase">
    <ignored/>
  </testcase> <!-- validateZipCodeError -->
  <testcase name="validatingLeadForm" time="0.0" classname="com.infrrd.roostify.testcase.HomePageTestCase">
    <ignored/>
  </testcase> <!-- validatingLeadForm -->
  <testcase name="validateOptionsForRefinanceCashout" time="0.0" classname="com.infrrd.roostify.testcase.HomePageTestCase">
    <ignored/>
  </testcase> <!-- validateOptionsForRefinanceCashout -->
</testsuite> <!-- Sanity Tests -->
