<?xml version="1.0" encoding="UTF-8"?>
<!-- Generated by org.testng.reporters.JUnitXMLReporter -->
<testsuite hostname="Nishits-MacBook-Pro.local" ignored="0" name="Sanity Tests" tests="3" failures="0" timestamp="03 Nov 2017 06:58:57 GMT" time="25.749" errors="0">
  <testcase name="creating_and_update_a_task" time="13.987" classname="com.infrrd.roostifyapitest.testcase.QaAPI"/>
  <testcase name="display_all_tasks" time="4.026" classname="com.infrrd.roostifyapitest.testcase.QaAPI"/>
  <testcase name="retrieving_accounts" time="2.177" classname="com.infrrd.roostifyapitest.testcase.QaAPI"/>
</testsuite> <!-- Sanity Tests -->
