<?xml version="1.0" encoding="UTF-8"?>
<!-- Generated by org.testng.reporters.JUnitXMLReporter -->
<testsuite hostname="DESKTOP-IEOF3HT" ignored="0" name="Sanity Tests" tests="3" failures="0" timestamp="03 Nov 2017 08:48:56 GMT" time="9.591" errors="0">
  <testcase name="creating_and_update_a_task" time="5.623" classname="com.infrrd.roostifyapitest.testcase.QaAPI"/>
  <testcase name="display_all_tasks" time="1.895" classname="com.infrrd.roostifyapitest.testcase.QaAPI"/>
  <testcase name="retrieving_accounts" time="1.534" classname="com.infrrd.roostifyapitest.testcase.QaAPI"/>
</testsuite> <!-- Sanity Tests -->
