<?xml version="1.0" encoding="UTF-8"?>
<testng-results skipped="0" failed="0" ignored="0" total="3" passed="3">
  <reporter-output>
    <line>
      <![CDATA[Test suite has started]]>
    </line>
    <line>
      <![CDATA[Starting test: Testcase to create and update a task]]>
    </line>
    <line>
      <![CDATA[Testcase to create and update a task-- Test passed
]]>
    </line>
    <line>
      <![CDATA[Starting test: Testcase to display all tasks]]>
    </line>
    <line>
      <![CDATA[Testcase to display all tasks-- Test passed
]]>
    </line>
    <line>
      <![CDATA[Starting test: Testcase to retreive all accounts]]>
    </line>
    <line>
      <![CDATA[Testcase to retreive all accounts-- Test passed
]]>
    </line>
  </reporter-output>
  <suite name="Roostify API Suite" duration-ms="9591" started-at="2017-11-03T08:48:46Z" finished-at="2017-11-03T08:48:56Z">
    <groups>
    </groups>
    <test name="Sanity Tests" duration-ms="9591" started-at="2017-11-03T08:48:46Z" finished-at="2017-11-03T08:48:56Z">
      <class name="com.infrrd.roostifyapitest.testcase.QaAPI">
        <test-method status="PASS" signature="setup()[pri:0, instance:com.infrrd.roostifyapitest.testcase.QaAPI@5ae50ce6]" name="setup" is-config="true" duration-ms="92" started-at="2017-11-03T14:18:46Z" finished-at="2017-11-03T14:18:46Z">
          <reporter-output>
          </reporter-output>
        </test-method> <!-- setup -->
        <test-method status="PASS" signature="creating_and_update_a_task()[pri:0, instance:com.infrrd.roostifyapitest.testcase.QaAPI@5ae50ce6]" name="creating_and_update_a_task" duration-ms="5623" started-at="2017-11-03T14:18:46Z" description="Testcase to create and update a task" finished-at="2017-11-03T14:18:52Z">
          <reporter-output>
            <line>
              <![CDATA[Starting test: Testcase to create and update a task]]>
            </line>
            <line>
              <![CDATA[Testcase to create and update a task-- Test passed
]]>
            </line>
          </reporter-output>
        </test-method> <!-- creating_and_update_a_task -->
        <test-method status="PASS" signature="display_all_tasks()[pri:0, instance:com.infrrd.roostifyapitest.testcase.QaAPI@5ae50ce6]" name="display_all_tasks" duration-ms="1895" started-at="2017-11-03T14:18:52Z" description="Testcase to display all tasks" finished-at="2017-11-03T14:18:54Z">
          <reporter-output>
            <line>
              <![CDATA[Starting test: Testcase to display all tasks]]>
            </line>
            <line>
              <![CDATA[Testcase to display all tasks-- Test passed
]]>
            </line>
          </reporter-output>
        </test-method> <!-- display_all_tasks -->
        <test-method status="PASS" signature="retrieving_accounts()[pri:0, instance:com.infrrd.roostifyapitest.testcase.QaAPI@5ae50ce6]" name="retrieving_accounts" duration-ms="1534" started-at="2017-11-03T14:18:54Z" description="Testcase to retreive all accounts" finished-at="2017-11-03T14:18:56Z">
          <reporter-output>
            <line>
              <![CDATA[Starting test: Testcase to retreive all accounts]]>
            </line>
            <line>
              <![CDATA[Testcase to retreive all accounts-- Test passed
]]>
            </line>
          </reporter-output>
        </test-method> <!-- retrieving_accounts -->
      </class> <!-- com.infrrd.roostifyapitest.testcase.QaAPI -->
    </test> <!-- Sanity Tests -->
  </suite> <!-- Roostify API Suite -->
</testng-results>
